<?xml version="1.0" encoding="UTF-8"?>
<!-- Generated by org.testng.reporters.JUnitXMLReporter -->
<testsuite hostname="EPUAKYIW2087" tests="1" failures="1" timestamp="12 Sep 2016 14:13:08 GMT" time="0.203" errors="0">
  <testcase name="firstTest" time="0.09" classname="FirstTestClass">
    <failure type="java.lang.AssertionError" message="Hello World expected [true] but found [false]">
      <![CDATA[java.lang.AssertionError: Hello World expected [true] but found [false]
	at FirstTestClass.firstTest(FirstTestClass.java:13)
... Removed 30 stack frames]]>
    </failure>
  </testcase> <!-- firstTest -->
</testsuite>
