<?xml version="1.0" encoding="UTF-8"?>
<testsuite name="TestSuite" time="0.094" tests="1" errors="0" skipped="0" failures="1">
  <properties>
[...]
</properties>
  <testcase name="firstTest" classname="FirstTestClass" time="0.094">
    <failure message="Hello World expected [true] but found [false]" type="java.lang.AssertionError">java.lang.AssertionError: Hello World expected [true] but found [false]
	at org.testng.Assert.fail(Assert.java:94)
	at org.testng.Assert.failNotEquals(Assert.java:494)
	at org.testng.Assert.assertTrue(Assert.java:42)
	at FirstTestClass.firstTest(FirstTestClass.java:13)
</failure>
    <system-err><![CDATA[SLF4J: Failed to load class "org.slf4j.impl.StaticLoggerBinder".
SLF4J: Defaulting to no-operation (NOP) logger implementation
SLF4J: See http://www.slf4j.org/codes.html#StaticLoggerBinder for further details.
]]></system-err>
  </testcase>
</testsuite>