<?xml version="1.0" encoding="UTF-8"?>
<testng-results skipped="0" failed="1" total="2" passed="1">
  <reporter-output>
  </reporter-output>
  <suite name="LocatSuite" duration-ms="4177" started-at="2016-09-22T07:18:30Z" finished-at="2016-09-22T07:18:34Z">
    <groups>
    </groups>
    <test name="firstTest" duration-ms="4177" started-at="2016-09-22T07:18:30Z" finished-at="2016-09-22T07:18:34Z">
      <class name="FirstTestClass">
        <test-method status="PASS" signature="firstTest()[pri:0, instance:FirstTestClass@715fb77]" name="firstTest" duration-ms="93" started-at="2016-09-22T10:18:30Z" finished-at="2016-09-22T10:18:30Z">
          <reporter-output>
          </reporter-output>
        </test-method> <!-- firstTest -->
        <test-method status="FAIL" signature="googleTest()[pri:0, instance:FirstTestClass@715fb77]" name="googleTest" duration-ms="3757" started-at="2016-09-22T10:18:30Z" finished-at="2016-09-22T10:18:34Z">
          <exception class="org.openqa.selenium.WebDriverException">
            <message>
              <![CDATA[unknown error: updateWindow is not defined
JavaScript stack:
ReferenceError: updateWindow is not defined
    at eval (eval at executeAsyncScript (unknown source), <anonymous>:2:9)
    at executeAsyncScript (<anonymous>:314:26)
    at apply.state (<anonymous>:330:29)
    at callFunction (<anonymous>:222:33)
    at apply.state (<anonymous>:232:23)
    at <anonymous>:233:3
  (Session info: chrome=53.0.2785.116)
  (Driver info: chromedriver=2.9.248315,platform=Windows NT 6.3 x86_64) (WARNING: The server did not provide any stacktrace information)
Command duration or timeout: 275 milliseconds
Build info: version: '2.53.1', revision: 'a36b8b1cd5757287168e54b817830adce9b0158d', time: '2016-06-30 19:26:09'
System info: host: 'EPUAKYIW2087', ip: '10.17.178.61', os.name: 'Windows 10', os.arch: 'amd64', os.version: '10.0', java.version: '1.8.0_101'
Driver info: org.openqa.selenium.remote.RemoteWebDriver
Capabilities [{applicationCacheEnabled=false, rotatable=false, chrome={userDataDir=C:\Users\ANDRII~1\AppData\Local\Temp\scoped_dir13676_13460}, takesHeapSnapshot=true, databaseEnabled=false, handlesAlerts=true, version=53.0.2785.116, platform=XP, browserConnectionEnabled=false, nativeEvents=true, acceptSslCerts=true, locationContextEnabled=true, webStorageEnabled=true, browserName=chrome, takesScreenshot=true, javascriptEnabled=true, cssSelectorsEnabled=true}]
Session ID: 51f1c41ab4d6a266c3cd55f4595b5080]]>
            </message>
            <full-stacktrace>
              <![CDATA[org.openqa.selenium.WebDriverException: unknown error: updateWindow is not defined
JavaScript stack:
ReferenceError: updateWindow is not defined
    at eval (eval at executeAsyncScript (unknown source), <anonymous>:2:9)
    at executeAsyncScript (<anonymous>:314:26)
    at apply.state (<anonymous>:330:29)
    at callFunction (<anonymous>:222:33)
    at apply.state (<anonymous>:232:23)
    at <anonymous>:233:3
  (Session info: chrome=53.0.2785.116)
  (Driver info: chromedriver=2.9.248315,platform=Windows NT 6.3 x86_64) (WARNING: The server did not provide any stacktrace information)
Command duration or timeout: 275 milliseconds
Build info: version: '2.53.1', revision: 'a36b8b1cd5757287168e54b817830adce9b0158d', time: '2016-06-30 19:26:09'
System info: host: 'EPUAKYIW2087', ip: '10.17.178.61', os.name: 'Windows 10', os.arch: 'amd64', os.version: '10.0', java.version: '1.8.0_101'
Driver info: org.openqa.selenium.remote.RemoteWebDriver
Capabilities [{applicationCacheEnabled=false, rotatable=false, chrome={userDataDir=C:\Users\ANDRII~1\AppData\Local\Temp\scoped_dir13676_13460}, takesHeapSnapshot=true, databaseEnabled=false, handlesAlerts=true, version=53.0.2785.116, platform=XP, browserConnectionEnabled=false, nativeEvents=true, acceptSslCerts=true, locationContextEnabled=true, webStorageEnabled=true, browserName=chrome, takesScreenshot=true, javascriptEnabled=true, cssSelectorsEnabled=true}]
Session ID: 51f1c41ab4d6a266c3cd55f4595b5080
	at sun.reflect.NativeConstructorAccessorImpl.newInstance0(Native Method)
	at sun.reflect.NativeConstructorAccessorImpl.newInstance(NativeConstructorAccessorImpl.java:62)
	at sun.reflect.DelegatingConstructorAccessorImpl.newInstance(DelegatingConstructorAccessorImpl.java:45)
	at java.lang.reflect.Constructor.newInstance(Constructor.java:423)
	at org.openqa.selenium.remote.ErrorHandler.createThrowable(ErrorHandler.java:206)
	at org.openqa.selenium.remote.ErrorHandler.throwIfResponseFailed(ErrorHandler.java:158)
	at org.openqa.selenium.remote.RemoteWebDriver.execute(RemoteWebDriver.java:678)
	at org.openqa.selenium.remote.RemoteWebDriver$RemoteWebDriverOptions$RemoteWindow.maximize(RemoteWebDriver.java:945)
	at org.openqa.selenium.support.events.EventFiringWebDriver$EventFiringWindow.maximize(EventFiringWebDriver.java:644)
	at org.openqa.selenium.support.events.EventFiringWebDriver$EventFiringWindow.maximize(EventFiringWebDriver.java:644)
	at utils.WebDriverUtils.maximizePage(WebDriverUtils.java:146)
	at utils.WebDriverUtils.getDriver(WebDriverUtils.java:42)
	at pom.components.AbstractWebComponent.<init>(AbstractWebComponent.java:23)
	at pom.components.AbstractSitePage.<init>(AbstractSitePage.java:22)
	at pom.google.pages.GoogleMainPage.<init>(GoogleMainPage.java:15)
	at FirstTestClass.googleTest(FirstTestClass.java:17)
	at sun.reflect.NativeMethodAccessorImpl.invoke0(Native Method)
	at sun.reflect.NativeMethodAccessorImpl.invoke(NativeMethodAccessorImpl.java:62)
	at sun.reflect.DelegatingMethodAccessorImpl.invoke(DelegatingMethodAccessorImpl.java:43)
	at java.lang.reflect.Method.invoke(Method.java:498)
	at org.testng.internal.MethodInvocationHelper.invokeMethod(MethodInvocationHelper.java:84)
	at org.testng.internal.Invoker.invokeMethod(Invoker.java:714)
	at org.testng.internal.Invoker.invokeTestMethod(Invoker.java:901)
	at org.testng.internal.Invoker.invokeTestMethods(Invoker.java:1231)
	at org.testng.internal.TestMethodWorker.invokeTestMethods(TestMethodWorker.java:127)
	at org.testng.internal.TestMethodWorker.run(TestMethodWorker.java:111)
	at org.testng.TestRunner.privateRun(TestRunner.java:767)
	at org.testng.TestRunner.run(TestRunner.java:617)
	at org.testng.SuiteRunner.runTest(SuiteRunner.java:348)
	at org.testng.SuiteRunner.runSequentially(SuiteRunner.java:343)
	at org.testng.SuiteRunner.privateRun(SuiteRunner.java:305)
	at org.testng.SuiteRunner.run(SuiteRunner.java:254)
	at org.testng.SuiteRunnerWorker.runSuite(SuiteRunnerWorker.java:52)
	at org.testng.SuiteRunnerWorker.run(SuiteRunnerWorker.java:86)
	at org.testng.TestNG.runSuitesSequentially(TestNG.java:1224)
	at org.testng.TestNG.runSuitesLocally(TestNG.java:1149)
	at org.testng.TestNG.run(TestNG.java:1057)
	at org.apache.maven.surefire.testng.TestNGExecutor.run(TestNGExecutor.java:295)
	at org.apache.maven.surefire.testng.TestNGXmlTestSuite.execute(TestNGXmlTestSuite.java:84)
	at org.apache.maven.surefire.testng.TestNGProvider.invoke(TestNGProvider.java:90)
	at org.apache.maven.surefire.booter.ForkedBooter.invokeProviderInSameClassLoader(ForkedBooter.java:203)
	at org.apache.maven.surefire.booter.ForkedBooter.runSuitesInProcess(ForkedBooter.java:155)
	at org.apache.maven.surefire.booter.ForkedBooter.main(ForkedBooter.java:103)
]]>
            </full-stacktrace>
          </exception> <!-- org.openqa.selenium.WebDriverException -->
          <reporter-output>
          </reporter-output>
        </test-method> <!-- googleTest -->
      </class> <!-- FirstTestClass -->
    </test> <!-- firstTest -->
  </suite> <!-- LocatSuite -->
</testng-results>
